2.337e+00
2.616e+00
2.583e+00
2.608e+00
2.386e+00
2.799e+00
2.266e+00
2.460e+00
2.374e+00
2.763e+00
2.274e+00
2.251e+00
2.598e+00
2.321e+00
2.433e+00
2.378e+00
2.454e+00
2.377e+00
2.596e+00
2.529e+00
2.410e+00
2.427e+00
2.470e+00
2.352e+00
2.699e+00
2.536e+00
2.513e+00
2.327e+00
2.431e+00
2.527e+00
2.236e+00
2.522e+00
2.435e+00
2.992e+00
2.567e+00
2.369e+00
2.590e+00
2.493e+00
2.837e+00
2.493e+00
2.623e+00
2.497e+00
2.413e+00
2.450e+00
2.436e+00
2.462e+00
2.633e+00
3.012e+00
2.611e+00
2.324e+00
2.184e+00
2.596e+00
2.301e+00
2.497e+00
2.393e+00
2.424e+00
2.538e+00
2.667e+00
2.546e+00
2.408e+00
2.435e+00
2.789e+00
2.830e+00
2.353e+00
2.469e+00
2.464e+00
2.790e+00
2.688e+00
2.323e+00
3.024e+00
2.551e+00
2.471e+00
2.418e+00
2.555e+00
2.705e+00
2.331e+00
2.570e+00
2.447e+00
2.334e+00
2.229e+00
2.485e+00
2.472e+00
3.061e+00
2.351e+00
2.309e+00
2.764e+00
2.412e+00
2.381e+00
2.734e+00
2.354e+00
2.785e+00
2.544e+00
2.472e+00
2.480e+00
2.308e+00
2.449e+00
2.282e+00
2.449e+00
2.699e+00
2.526e+00
2.758e+00
2.420e+00
2.051e+00
2.219e+00
2.290e+00
2.512e+00
2.313e+00
2.940e+00
2.343e+00
2.570e+00
3.086e+00
2.688e+00
2.658e+00
2.466e+00
2.447e+00
2.565e+00
2.406e+00
2.395e+00
2.573e+00
2.786e+00
2.361e+00
2.503e+00
2.637e+00
2.460e+00
2.531e+00
2.371e+00
2.832e+00
2.542e+00
2.592e+00
2.529e+00
2.844e+00
2.536e+00
2.242e+00
2.772e+00
2.667e+00
2.422e+00
2.497e+00
2.463e+00
2.325e+00
2.511e+00
2.453e+00
2.350e+00
2.476e+00
2.340e+00
2.668e+00
2.218e+00
2.593e+00
2.443e+00
2.678e+00
2.548e+00
2.440e+00
2.671e+00
2.316e+00
2.354e+00
2.418e+00
2.618e+00
2.329e+00
2.644e+00
2.470e+00
2.640e+00
2.357e+00
2.380e+00
2.318e+00
2.181e+00
2.381e+00
2.722e+00
2.412e+00
2.315e+00
2.455e+00
2.678e+00
2.434e+00
2.336e+00
2.505e+00
2.418e+00
2.693e+00
2.509e+00
2.458e+00
2.638e+00
2.878e+00
2.273e+00
2.492e+00
2.544e+00
2.543e+00
2.356e+00
2.430e+00
2.389e+00
2.515e+00
2.322e+00
2.357e+00
2.435e+00
2.328e+00
2.545e+00
2.628e+00
2.306e+00
2.535e+00
2.342e+00
2.623e+00
2.297e+00
2.736e+00
2.741e+00
2.587e+00
2.450e+00
2.339e+00
2.083e+00
2.545e+00
2.335e+00
2.621e+00
2.252e+00
2.387e+00
2.845e+00
2.428e+00
2.336e+00
2.566e+00
2.585e+00
2.494e+00
2.212e+00
2.296e+00
2.500e+00
2.595e+00
2.243e+00
2.281e+00
2.208e+00
2.524e+00
2.457e+00
2.557e+00
2.525e+00
2.356e+00
2.241e+00
2.310e+00
2.464e+00
2.503e+00
2.765e+00
2.581e+00
2.614e+00
2.493e+00
2.456e+00
2.321e+00
2.613e+00
2.248e+00
2.444e+00
2.489e+00
2.380e+00
2.426e+00
2.236e+00
2.574e+00
2.463e+00
2.591e+00
2.536e+00
2.543e+00
2.200e+00
2.902e+00
2.446e+00
2.697e+00
2.336e+00
2.478e+00
2.358e+00
2.668e+00
2.745e+00
2.242e+00
2.505e+00
2.747e+00
2.333e+00
2.316e+00
2.695e+00
2.292e+00
2.850e+00
2.329e+00
2.210e+00
2.689e+00
2.731e+00
2.363e+00
2.382e+00
2.739e+00
2.810e+00
2.441e+00
2.247e+00
2.689e+00
2.530e+00
2.542e+00
2.488e+00
2.718e+00
2.633e+00
2.571e+00
2.488e+00
2.382e+00
2.429e+00
2.735e+00
2.384e+00
2.372e+00
2.476e+00
2.444e+00
3.029e+00
2.297e+00
2.310e+00
2.319e+00
2.543e+00
2.522e+00
2.419e+00
2.514e+00
2.383e+00
2.466e+00
2.647e+00
2.381e+00
2.235e+00
2.631e+00
2.417e+00
2.906e+00
2.642e+00
2.451e+00
2.367e+00
2.555e+00
2.759e+00
2.596e+00
2.631e+00
2.327e+00
2.241e+00
2.345e+00
2.498e+00
2.460e+00
2.358e+00
2.595e+00
2.551e+00
2.413e+00
2.472e+00
2.307e+00
2.491e+00
2.442e+00
2.506e+00
2.601e+00
2.277e+00
2.334e+00
2.651e+00
2.403e+00
2.597e+00
2.872e+00
2.659e+00
2.322e+00
2.527e+00
2.601e+00
2.345e+00
2.374e+00
2.306e+00
2.163e+00
2.625e+00
2.319e+00
2.725e+00
2.541e+00
2.485e+00
2.326e+00
2.564e+00
2.231e+00
2.330e+00
2.595e+00
2.359e+00
2.523e+00
2.328e+00
2.602e+00
2.738e+00
2.471e+00
2.291e+00
2.271e+00
2.397e+00
2.509e+00
2.606e+00
2.525e+00
2.446e+00
2.444e+00
2.338e+00
2.237e+00
2.400e+00
2.574e+00
2.536e+00
2.346e+00
2.349e+00
2.889e+00
2.584e+00
2.303e+00
2.657e+00
2.600e+00
2.353e+00
2.337e+00
2.371e+00
2.562e+00
2.780e+00
2.604e+00
3.255e+00
2.695e+00
2.205e+00
2.416e+00
2.652e+00
2.524e+00
2.551e+00
2.496e+00
2.425e+00
2.242e+00
2.412e+00
2.574e+00
2.261e+00
2.409e+00
2.480e+00
