7.548e-01
7.069e-01
7.285e-01
7.026e-01
8.288e-01
6.726e-01
7.592e-01
7.369e-01
7.567e-01
6.719e-01
7.991e-01
7.835e-01
7.060e-01
7.805e-01
8.218e-01
8.033e-01
7.371e-01
7.558e-01
7.180e-01
7.598e-01
7.575e-01
8.020e-01
7.478e-01
7.465e-01
6.952e-01
7.027e-01
7.450e-01
7.668e-01
7.391e-01
7.267e-01
7.579e-01
7.083e-01
7.399e-01
6.491e-01
7.175e-01
7.799e-01
7.024e-01
7.830e-01
6.726e-01
7.108e-01
7.870e-01
7.256e-01
7.578e-01
7.494e-01
7.901e-01
7.574e-01
6.868e-01
6.461e-01
6.934e-01
7.814e-01
7.812e-01
7.040e-01
7.962e-01
7.575e-01
7.556e-01
7.393e-01
7.350e-01
7.120e-01
7.234e-01
7.349e-01
7.878e-01
6.818e-01
6.655e-01
7.384e-01
7.750e-01
7.966e-01
6.944e-01
6.924e-01
7.796e-01
6.465e-01
7.293e-01
7.200e-01
7.556e-01
7.342e-01
6.661e-01
7.645e-01
7.109e-01
7.862e-01
7.978e-01
8.221e-01
7.345e-01
7.455e-01
6.319e-01
7.626e-01
7.656e-01
6.813e-01
7.366e-01
7.357e-01
6.829e-01
7.720e-01
6.645e-01
7.354e-01
8.029e-01
7.359e-01
7.683e-01
7.546e-01
7.832e-01
7.877e-01
6.935e-01
7.117e-01
6.825e-01
7.205e-01
7.722e-01
7.790e-01
7.676e-01
7.622e-01
7.760e-01
6.727e-01
8.094e-01
7.063e-01
6.347e-01
7.108e-01
6.940e-01
7.236e-01
7.526e-01
7.723e-01
7.462e-01
7.381e-01
7.103e-01
6.619e-01
7.706e-01
7.854e-01
7.434e-01
7.367e-01
7.539e-01
7.604e-01
6.514e-01
7.111e-01
6.935e-01
7.451e-01
6.574e-01
7.479e-01
7.575e-01
6.888e-01
7.368e-01
7.397e-01
7.531e-01
7.385e-01
7.529e-01
7.321e-01
7.552e-01
7.467e-01
7.407e-01
7.800e-01
7.007e-01
7.939e-01
7.390e-01
7.443e-01
7.187e-01
7.192e-01
7.511e-01
7.778e-01
7.840e-01
7.996e-01
7.543e-01
6.959e-01
7.505e-01
7.352e-01
7.403e-01
6.948e-01
7.838e-01
7.743e-01
7.613e-01
7.868e-01
8.090e-01
7.001e-01
7.459e-01
7.350e-01
7.584e-01
6.872e-01
7.106e-01
7.384e-01
7.213e-01
7.924e-01
7.002e-01
7.661e-01
7.496e-01
7.703e-01
6.738e-01
7.741e-01
7.754e-01
7.333e-01
7.486e-01
7.437e-01
7.504e-01
7.885e-01
7.345e-01
7.551e-01
7.763e-01
7.739e-01
7.584e-01
7.085e-01
7.220e-01
8.101e-01
7.356e-01
7.495e-01
7.201e-01
8.007e-01
6.818e-01
7.005e-01
7.129e-01
7.490e-01
8.013e-01
8.368e-01
7.256e-01
7.760e-01
7.182e-01
8.029e-01
7.559e-01
6.519e-01
7.706e-01
7.636e-01
7.087e-01
7.213e-01
7.043e-01
7.665e-01
7.946e-01
7.012e-01
7.376e-01
7.581e-01
7.363e-01
8.017e-01
7.102e-01
7.646e-01
6.941e-01
7.660e-01
7.397e-01
7.730e-01
7.332e-01
7.444e-01
7.154e-01
6.797e-01
7.462e-01
6.929e-01
7.223e-01
7.694e-01
7.485e-01
7.145e-01
7.773e-01
7.713e-01
7.298e-01
7.748e-01
7.560e-01
8.069e-01
7.113e-01
7.500e-01
7.651e-01
7.388e-01
7.356e-01
8.170e-01
6.623e-01
7.581e-01
6.920e-01
7.716e-01
7.340e-01
7.844e-01
7.145e-01
7.646e-01
8.019e-01
7.179e-01
6.742e-01
7.890e-01
7.475e-01
7.011e-01
8.005e-01
7.025e-01
7.746e-01
7.874e-01
6.806e-01
6.982e-01
7.657e-01
7.937e-01
6.835e-01
6.689e-01
7.267e-01
8.032e-01
7.093e-01
7.129e-01
7.188e-01
7.615e-01
7.053e-01
7.514e-01
7.185e-01
7.473e-01
7.367e-01
7.341e-01
6.793e-01
7.568e-01
7.359e-01
7.601e-01
7.331e-01
6.545e-01
8.189e-01
7.950e-01
7.720e-01
7.318e-01
7.307e-01
7.694e-01
7.311e-01
7.543e-01
7.349e-01
6.931e-01
7.619e-01
7.638e-01
6.820e-01
7.314e-01
6.659e-01
7.230e-01
7.137e-01
7.571e-01
7.464e-01
6.667e-01
7.123e-01
7.278e-01
7.678e-01
8.173e-01
7.666e-01
7.521e-01
7.659e-01
7.468e-01
7.087e-01
7.398e-01
7.456e-01
7.243e-01
7.438e-01
7.210e-01
7.820e-01
7.284e-01
7.002e-01
8.246e-01
7.544e-01
7.126e-01
7.296e-01
7.001e-01
6.699e-01
7.186e-01
7.392e-01
7.304e-01
7.138e-01
7.595e-01
7.712e-01
8.007e-01
8.310e-01
6.801e-01
7.614e-01
6.862e-01
6.979e-01
7.459e-01
7.502e-01
7.426e-01
7.615e-01
7.623e-01
6.989e-01
7.517e-01
7.414e-01
7.609e-01
7.191e-01
7.015e-01
7.184e-01
7.876e-01
7.637e-01
7.687e-01
7.115e-01
7.062e-01
7.454e-01
7.444e-01
7.482e-01
7.839e-01
7.714e-01
7.629e-01
7.493e-01
7.731e-01
7.727e-01
7.468e-01
6.588e-01
7.355e-01
7.276e-01
7.723e-01
7.318e-01
7.675e-01
7.568e-01
7.618e-01
7.177e-01
6.855e-01
7.014e-01
6.113e-01
6.693e-01
7.959e-01
7.440e-01
7.051e-01
7.228e-01
7.283e-01
7.204e-01
7.186e-01
7.773e-01
7.612e-01
7.205e-01
8.126e-01
7.626e-01
7.193e-01
