3.367e+00
3.809e+00
3.610e+00
3.846e+00
2.687e+00
4.124e+00
3.330e+00
3.539e+00
3.353e+00
4.134e+00
2.963e+00
3.105e+00
3.819e+00
3.134e+00
2.755e+00
2.926e+00
3.530e+00
3.364e+00
3.708e+00
3.323e+00
3.346e+00
2.937e+00
3.432e+00
3.448e+00
3.916e+00
3.847e+00
3.464e+00
3.263e+00
3.513e+00
3.632e+00
3.340e+00
3.796e+00
3.505e+00
4.345e+00
3.711e+00
3.144e+00
3.849e+00
3.110e+00
4.126e+00
3.775e+00
3.077e+00
3.636e+00
3.345e+00
3.420e+00
3.051e+00
3.352e+00
3.995e+00
4.374e+00
3.935e+00
3.126e+00
3.129e+00
3.836e+00
2.993e+00
3.351e+00
3.365e+00
3.511e+00
3.551e+00
3.765e+00
3.654e+00
3.552e+00
3.071e+00
4.037e+00
4.192e+00
3.521e+00
3.188e+00
2.988e+00
3.922e+00
3.940e+00
3.143e+00
4.369e+00
3.601e+00
3.686e+00
3.364e+00
3.557e+00
4.189e+00
3.282e+00
3.770e+00
3.084e+00
2.976e+00
2.750e+00
3.557e+00
3.454e+00
4.513e+00
3.296e+00
3.271e+00
4.044e+00
3.537e+00
3.543e+00
4.028e+00
3.213e+00
4.206e+00
3.550e+00
2.931e+00
3.542e+00
3.248e+00
3.374e+00
3.111e+00
3.068e+00
3.936e+00
3.765e+00
4.034e+00
3.687e+00
3.214e+00
3.149e+00
3.254e+00
3.304e+00
3.177e+00
4.117e+00
2.870e+00
3.814e+00
4.485e+00
3.771e+00
3.927e+00
3.658e+00
3.391e+00
3.213e+00
3.447e+00
3.523e+00
3.778e+00
4.228e+00
3.224e+00
3.091e+00
3.479e+00
3.536e+00
3.378e+00
3.317e+00
4.331e+00
3.774e+00
3.934e+00
3.465e+00
4.271e+00
3.436e+00
3.344e+00
3.978e+00
3.535e+00
3.507e+00
3.386e+00
3.519e+00
3.389e+00
3.579e+00
3.369e+00
3.444e+00
3.495e+00
3.141e+00
3.864e+00
3.012e+00
3.513e+00
3.467e+00
3.708e+00
3.696e+00
3.404e+00
3.160e+00
3.105e+00
2.961e+00
3.376e+00
3.914e+00
3.412e+00
3.547e+00
3.504e+00
3.921e+00
3.105e+00
3.196e+00
3.309e+00
3.079e+00
2.873e+00
3.875e+00
3.452e+00
3.553e+00
3.342e+00
3.991e+00
3.776e+00
3.525e+00
3.676e+00
3.026e+00
3.871e+00
3.266e+00
3.419e+00
3.230e+00
4.115e+00
3.194e+00
3.183e+00
3.566e+00
3.427e+00
3.473e+00
3.412e+00
3.061e+00
3.554e+00
3.370e+00
3.175e+00
3.197e+00
3.338e+00
3.794e+00
3.669e+00
2.862e+00
3.547e+00
3.422e+00
3.686e+00
2.946e+00
4.039e+00
3.871e+00
3.758e+00
3.421e+00
2.946e+00
2.611e+00
3.637e+00
3.178e+00
3.705e+00
2.930e+00
3.360e+00
4.328e+00
3.229e+00
3.290e+00
3.789e+00
3.671e+00
3.832e+00
3.264e+00
3.005e+00
3.865e+00
3.526e+00
3.341e+00
3.542e+00
2.940e+00
3.779e+00
3.281e+00
3.930e+00
3.267e+00
3.509e+00
3.203e+00
3.570e+00
3.467e+00
3.728e+00
4.060e+00
3.449e+00
3.938e+00
3.666e+00
3.238e+00
3.427e+00
3.735e+00
3.165e+00
3.221e+00
3.602e+00
3.186e+00
3.362e+00
2.895e+00
3.766e+00
3.415e+00
3.280e+00
3.513e+00
3.547e+00
2.799e+00
4.228e+00
3.342e+00
3.943e+00
3.218e+00
3.562e+00
3.098e+00
3.746e+00
3.282e+00
2.937e+00
3.705e+00
4.113e+00
3.056e+00
3.439e+00
3.860e+00
2.951e+00
3.844e+00
3.191e+00
3.071e+00
4.054e+00
3.888e+00
3.270e+00
3.014e+00
4.027e+00
4.166e+00
3.625e+00
2.927e+00
3.782e+00
3.751e+00
3.699e+00
3.309e+00
3.820e+00
3.402e+00
3.700e+00
3.437e+00
3.536e+00
3.562e+00
4.064e+00
3.352e+00
3.543e+00
3.326e+00
3.568e+00
4.294e+00
2.779e+00
3.001e+00
3.213e+00
3.579e+00
3.590e+00
3.237e+00
3.590e+00
3.376e+00
3.549e+00
3.933e+00
3.308e+00
3.287e+00
4.044e+00
3.582e+00
4.188e+00
3.657e+00
3.748e+00
3.350e+00
3.448e+00
4.184e+00
3.760e+00
3.622e+00
3.252e+00
2.793e+00
3.264e+00
3.394e+00
3.268e+00
3.447e+00
3.790e+00
3.509e+00
3.454e+00
3.648e+00
3.471e+00
3.677e+00
3.120e+00
3.613e+00
3.869e+00
2.726e+00
3.376e+00
3.759e+00
3.600e+00
3.874e+00
4.150e+00
3.700e+00
3.514e+00
3.594e+00
3.742e+00
3.330e+00
3.223e+00
2.948e+00
2.664e+00
4.058e+00
3.312e+00
4.002e+00
3.893e+00
3.449e+00
3.412e+00
3.483e+00
3.312e+00
3.302e+00
3.885e+00
3.397e+00
3.492e+00
3.315e+00
3.696e+00
3.863e+00
3.701e+00
3.070e+00
3.288e+00
3.245e+00
3.770e+00
3.814e+00
3.455e+00
3.467e+00
3.429e+00
3.104e+00
3.221e+00
3.299e+00
3.420e+00
3.204e+00
3.208e+00
3.446e+00
4.258e+00
3.550e+00
3.622e+00
3.209e+00
3.586e+00
3.254e+00
3.354e+00
3.306e+00
3.707e+00
4.008e+00
3.858e+00
4.714e+00
4.164e+00
2.995e+00
3.471e+00
3.820e+00
3.663e+00
3.611e+00
3.684e+00
3.701e+00
3.166e+00
3.313e+00
3.682e+00
2.838e+00
3.301e+00
3.698e+00
