6.392e-01
5.981e-01
6.466e-01
5.940e-01
7.868e-01
5.447e-01
6.486e-01
6.446e-01
6.623e-01
5.527e-01
7.288e-01
6.894e-01
6.026e-01
6.933e-01
7.916e-01
7.598e-01
6.249e-01
6.660e-01
6.366e-01
6.922e-01
6.705e-01
7.523e-01
6.521e-01
6.409e-01
5.931e-01
5.804e-01
6.722e-01
6.797e-01
6.288e-01
6.368e-01
6.425e-01
5.902e-01
6.439e-01
5.190e-01
6.161e-01
7.039e-01
5.863e-01
7.298e-01
5.629e-01
5.981e-01
7.577e-01
6.185e-01
6.772e-01
6.677e-01
7.378e-01
6.854e-01
5.592e-01
5.182e-01
5.785e-01
6.946e-01
6.814e-01
5.944e-01
7.159e-01
6.931e-01
6.631e-01
6.307e-01
6.501e-01
6.287e-01
6.109e-01
6.316e-01
7.194e-01
5.589e-01
5.403e-01
6.251e-01
7.182e-01
7.496e-01
6.090e-01
5.753e-01
6.998e-01
5.270e-01
6.295e-01
5.949e-01
6.621e-01
6.522e-01
5.332e-01
6.764e-01
5.931e-01
7.259e-01
7.364e-01
7.514e-01
6.336e-01
6.422e-01
4.989e-01
6.663e-01
6.635e-01
5.598e-01
6.299e-01
6.157e-01
5.636e-01
6.906e-01
5.482e-01
6.505e-01
7.571e-01
6.325e-01
6.723e-01
6.709e-01
7.029e-01
7.234e-01
5.970e-01
5.962e-01
5.782e-01
6.126e-01
6.355e-01
6.855e-01
6.661e-01
6.892e-01
6.873e-01
5.428e-01
7.528e-01
5.855e-01
5.026e-01
6.265e-01
5.763e-01
6.202e-01
6.626e-01
7.080e-01
6.540e-01
6.284e-01
6.097e-01
5.311e-01
6.870e-01
7.233e-01
6.759e-01
6.373e-01
6.848e-01
6.685e-01
5.305e-01
6.096e-01
5.665e-01
6.716e-01
5.328e-01
6.828e-01
6.449e-01
5.965e-01
6.756e-01
6.307e-01
6.754e-01
6.333e-01
6.573e-01
6.333e-01
6.713e-01
6.407e-01
6.452e-01
7.032e-01
5.954e-01
7.060e-01
6.682e-01
6.569e-01
6.368e-01
6.212e-01
6.716e-01
7.480e-01
7.051e-01
7.402e-01
6.761e-01
5.882e-01
6.446e-01
6.659e-01
6.403e-01
5.750e-01
7.050e-01
6.968e-01
6.594e-01
6.964e-01
7.511e-01
6.211e-01
6.478e-01
6.130e-01
6.823e-01
5.735e-01
5.807e-01
6.248e-01
6.183e-01
7.340e-01
6.055e-01
7.056e-01
6.615e-01
7.128e-01
5.725e-01
6.832e-01
7.158e-01
6.503e-01
6.790e-01
6.382e-01
6.735e-01
7.208e-01
6.352e-01
6.546e-01
6.926e-01
7.147e-01
6.588e-01
5.931e-01
6.343e-01
7.489e-01
6.465e-01
6.500e-01
6.179e-01
7.254e-01
5.550e-01
6.186e-01
6.200e-01
6.443e-01
7.298e-01
7.654e-01
6.254e-01
6.861e-01
6.308e-01
7.298e-01
6.617e-01
5.426e-01
6.961e-01
6.660e-01
5.781e-01
6.109e-01
5.687e-01
6.615e-01
7.270e-01
5.768e-01
6.495e-01
6.608e-01
6.204e-01
7.264e-01
5.929e-01
6.992e-01
5.705e-01
6.897e-01
6.221e-01
6.624e-01
6.085e-01
6.562e-01
5.896e-01
5.731e-01
6.812e-01
5.681e-01
6.148e-01
7.059e-01
6.319e-01
6.033e-01
6.750e-01
6.985e-01
6.295e-01
6.998e-01
6.816e-01
7.357e-01
5.919e-01
6.652e-01
7.110e-01
6.432e-01
6.551e-01
7.396e-01
5.707e-01
6.793e-01
5.780e-01
6.901e-01
6.329e-01
7.126e-01
6.454e-01
7.155e-01
7.275e-01
5.941e-01
5.599e-01
7.256e-01
6.395e-01
5.906e-01
7.368e-01
6.234e-01
6.913e-01
7.047e-01
5.675e-01
5.993e-01
6.788e-01
7.314e-01
5.766e-01
5.701e-01
6.062e-01
7.374e-01
6.015e-01
5.987e-01
6.165e-01
6.859e-01
6.063e-01
6.830e-01
6.052e-01
6.593e-01
6.312e-01
6.270e-01
5.628e-01
6.748e-01
6.192e-01
7.135e-01
6.315e-01
5.501e-01
7.540e-01
7.257e-01
6.820e-01
6.412e-01
6.332e-01
6.983e-01
6.492e-01
6.645e-01
6.268e-01
5.647e-01
6.780e-01
6.757e-01
5.667e-01
6.135e-01
5.616e-01
6.353e-01
6.014e-01
6.523e-01
6.653e-01
5.460e-01
6.153e-01
6.637e-01
6.742e-01
7.575e-01
6.854e-01
6.719e-01
6.905e-01
6.519e-01
5.923e-01
6.629e-01
6.399e-01
6.116e-01
6.239e-01
6.051e-01
7.169e-01
6.272e-01
5.823e-01
7.670e-01
6.485e-01
6.207e-01
6.099e-01
5.983e-01
5.590e-01
6.263e-01
6.170e-01
6.373e-01
6.051e-01
6.662e-01
6.921e-01
7.323e-01
7.562e-01
5.524e-01
6.625e-01
5.823e-01
5.763e-01
6.500e-01
6.435e-01
6.618e-01
6.447e-01
6.594e-01
5.860e-01
6.397e-01
6.563e-01
6.707e-01
6.224e-01
6.242e-01
5.968e-01
7.068e-01
6.549e-01
6.899e-01
5.923e-01
6.032e-01
6.576e-01
6.478e-01
6.524e-01
7.016e-01
6.698e-01
6.765e-01
6.866e-01
7.190e-01
6.814e-01
6.471e-01
5.541e-01
6.583e-01
6.041e-01
7.296e-01
6.600e-01
6.844e-01
6.569e-01
6.770e-01
6.128e-01
5.884e-01
5.825e-01
4.782e-01
5.537e-01
7.044e-01
6.586e-01
5.913e-01
6.139e-01
6.341e-01
6.065e-01
5.931e-01
6.856e-01
6.731e-01
6.274e-01
7.524e-01
6.846e-01
6.134e-01
