7.532e-01
7.045e-01
7.264e-01
7.005e-01
8.274e-01
6.704e-01
7.573e-01
7.343e-01
7.547e-01
6.693e-01
7.976e-01
7.820e-01
7.034e-01
7.789e-01
8.201e-01
8.016e-01
7.352e-01
7.536e-01
7.156e-01
7.580e-01
7.556e-01
8.004e-01
7.460e-01
7.442e-01
6.929e-01
7.003e-01
7.425e-01
7.647e-01
7.371e-01
7.239e-01
7.561e-01
7.060e-01
7.379e-01
6.469e-01
7.152e-01
7.777e-01
7.002e-01
7.815e-01
6.702e-01
7.083e-01
7.851e-01
7.235e-01
7.557e-01
7.473e-01
7.880e-01
7.548e-01
6.844e-01
6.439e-01
6.908e-01
7.798e-01
7.794e-01
7.016e-01
7.943e-01
7.549e-01
7.535e-01
7.373e-01
7.329e-01
7.093e-01
7.215e-01
7.328e-01
7.858e-01
6.798e-01
6.632e-01
7.362e-01
7.729e-01
7.949e-01
6.922e-01
6.903e-01
7.778e-01
6.444e-01
7.274e-01
7.180e-01
7.535e-01
7.322e-01
6.635e-01
7.626e-01
7.089e-01
7.844e-01
7.962e-01
8.206e-01
7.322e-01
7.436e-01
6.295e-01
7.610e-01
7.638e-01
6.790e-01
7.344e-01
7.338e-01
6.808e-01
7.701e-01
6.617e-01
7.330e-01
8.011e-01
7.339e-01
7.664e-01
7.525e-01
7.814e-01
7.861e-01
6.907e-01
7.093e-01
6.800e-01
7.179e-01
7.701e-01
7.772e-01
7.656e-01
7.601e-01
7.742e-01
6.712e-01
8.077e-01
7.040e-01
6.324e-01
7.087e-01
6.917e-01
7.211e-01
7.506e-01
7.702e-01
7.444e-01
7.359e-01
7.079e-01
6.593e-01
7.689e-01
7.836e-01
7.409e-01
7.345e-01
7.520e-01
7.587e-01
6.484e-01
7.084e-01
6.910e-01
7.423e-01
6.547e-01
7.456e-01
7.557e-01
6.861e-01
7.346e-01
7.378e-01
7.511e-01
7.364e-01
7.508e-01
7.298e-01
7.530e-01
7.447e-01
7.390e-01
7.781e-01
6.985e-01
7.923e-01
7.371e-01
7.421e-01
7.156e-01
7.169e-01
7.491e-01
7.760e-01
7.821e-01
7.978e-01
7.522e-01
6.931e-01
7.483e-01
7.333e-01
7.381e-01
6.924e-01
7.820e-01
7.720e-01
7.596e-01
7.849e-01
8.074e-01
6.974e-01
7.438e-01
7.327e-01
7.560e-01
6.848e-01
7.081e-01
7.358e-01
7.192e-01
7.907e-01
6.978e-01
7.643e-01
7.475e-01
7.683e-01
6.714e-01
7.722e-01
7.735e-01
7.313e-01
7.465e-01
7.415e-01
7.483e-01
7.869e-01
7.325e-01
7.528e-01
7.743e-01
7.720e-01
7.564e-01
7.062e-01
7.199e-01
8.085e-01
7.333e-01
7.472e-01
7.180e-01
7.995e-01
6.796e-01
6.978e-01
7.101e-01
7.472e-01
7.995e-01
8.354e-01
7.234e-01
7.740e-01
7.160e-01
8.012e-01
7.540e-01
6.488e-01
7.684e-01
7.617e-01
7.068e-01
7.197e-01
7.020e-01
7.646e-01
7.930e-01
6.984e-01
7.357e-01
7.560e-01
7.338e-01
8.001e-01
7.079e-01
7.627e-01
6.914e-01
7.643e-01
7.375e-01
7.712e-01
7.308e-01
7.421e-01
7.134e-01
6.773e-01
7.441e-01
6.905e-01
7.202e-01
7.674e-01
7.466e-01
7.127e-01
7.755e-01
7.693e-01
7.273e-01
7.731e-01
7.537e-01
8.050e-01
7.093e-01
7.478e-01
7.628e-01
7.370e-01
7.333e-01
8.153e-01
6.593e-01
7.559e-01
6.899e-01
7.697e-01
7.316e-01
7.828e-01
7.115e-01
7.625e-01
8.004e-01
7.159e-01
6.716e-01
7.874e-01
7.452e-01
6.990e-01
7.989e-01
7.007e-01
7.726e-01
7.858e-01
6.780e-01
6.960e-01
7.639e-01
7.921e-01
6.809e-01
6.659e-01
7.247e-01
8.015e-01
7.075e-01
7.109e-01
7.166e-01
7.596e-01
7.034e-01
7.494e-01
7.165e-01
7.454e-01
7.346e-01
7.317e-01
6.769e-01
7.549e-01
7.337e-01
7.577e-01
7.310e-01
6.523e-01
8.175e-01
7.934e-01
7.702e-01
7.298e-01
7.285e-01
7.675e-01
7.286e-01
7.522e-01
7.331e-01
6.910e-01
7.597e-01
7.620e-01
6.790e-01
7.294e-01
6.636e-01
7.212e-01
7.112e-01
7.551e-01
7.443e-01
6.640e-01
7.100e-01
7.251e-01
7.659e-01
8.160e-01
7.646e-01
7.502e-01
7.642e-01
7.444e-01
7.066e-01
7.375e-01
7.436e-01
7.222e-01
7.417e-01
7.190e-01
7.804e-01
7.261e-01
6.979e-01
8.232e-01
7.522e-01
7.100e-01
7.275e-01
6.974e-01
6.677e-01
7.165e-01
7.370e-01
7.282e-01
7.119e-01
7.573e-01
7.690e-01
7.992e-01
8.298e-01
6.775e-01
7.593e-01
6.835e-01
6.954e-01
7.441e-01
7.482e-01
7.404e-01
7.593e-01
7.604e-01
6.963e-01
7.499e-01
7.394e-01
7.590e-01
7.170e-01
6.987e-01
7.164e-01
7.859e-01
7.619e-01
7.667e-01
7.089e-01
7.039e-01
7.435e-01
7.422e-01
7.463e-01
7.822e-01
7.693e-01
7.607e-01
7.473e-01
7.711e-01
7.707e-01
7.445e-01
6.562e-01
7.330e-01
7.251e-01
7.706e-01
7.291e-01
7.656e-01
7.547e-01
7.600e-01
7.157e-01
6.830e-01
6.992e-01
6.089e-01
6.661e-01
7.941e-01
7.417e-01
7.033e-01
7.206e-01
7.263e-01
7.182e-01
7.164e-01
7.754e-01
7.592e-01
7.185e-01
8.112e-01
7.605e-01
7.167e-01
