3.353e+00
3.788e+00
3.590e+00
3.827e+00
2.674e+00
4.104e+00
3.312e+00
3.514e+00
3.335e+00
4.110e+00
2.949e+00
3.092e+00
3.795e+00
3.119e+00
2.739e+00
2.910e+00
3.513e+00
3.344e+00
3.686e+00
3.307e+00
3.328e+00
2.923e+00
3.416e+00
3.427e+00
3.895e+00
3.826e+00
3.441e+00
3.244e+00
3.495e+00
3.607e+00
3.324e+00
3.774e+00
3.487e+00
4.325e+00
3.691e+00
3.124e+00
3.828e+00
3.096e+00
4.104e+00
3.751e+00
3.060e+00
3.617e+00
3.325e+00
3.401e+00
3.032e+00
3.329e+00
3.972e+00
4.353e+00
3.911e+00
3.111e+00
3.113e+00
3.814e+00
2.976e+00
3.328e+00
3.345e+00
3.493e+00
3.532e+00
3.741e+00
3.637e+00
3.533e+00
3.053e+00
4.019e+00
4.170e+00
3.501e+00
3.169e+00
2.972e+00
3.902e+00
3.921e+00
3.127e+00
4.349e+00
3.584e+00
3.668e+00
3.345e+00
3.539e+00
4.164e+00
3.265e+00
3.751e+00
3.067e+00
2.961e+00
2.736e+00
3.536e+00
3.437e+00
4.490e+00
3.282e+00
3.255e+00
4.023e+00
3.517e+00
3.525e+00
4.008e+00
3.197e+00
4.179e+00
3.528e+00
2.914e+00
3.523e+00
3.230e+00
3.354e+00
3.095e+00
3.054e+00
3.910e+00
3.744e+00
4.012e+00
3.664e+00
3.195e+00
3.133e+00
3.237e+00
3.285e+00
3.160e+00
4.103e+00
2.854e+00
3.792e+00
4.462e+00
3.752e+00
3.905e+00
3.636e+00
3.372e+00
3.194e+00
3.430e+00
3.504e+00
3.756e+00
4.204e+00
3.209e+00
3.075e+00
3.456e+00
3.516e+00
3.361e+00
3.302e+00
4.303e+00
3.749e+00
3.911e+00
3.440e+00
4.246e+00
3.415e+00
3.328e+00
3.953e+00
3.515e+00
3.490e+00
3.368e+00
3.500e+00
3.369e+00
3.558e+00
3.349e+00
3.426e+00
3.480e+00
3.123e+00
3.844e+00
2.997e+00
3.496e+00
3.447e+00
3.680e+00
3.676e+00
3.386e+00
3.143e+00
3.087e+00
2.944e+00
3.357e+00
3.888e+00
3.391e+00
3.530e+00
3.484e+00
3.899e+00
3.089e+00
3.175e+00
3.293e+00
3.062e+00
2.858e+00
3.849e+00
3.433e+00
3.532e+00
3.320e+00
3.968e+00
3.753e+00
3.501e+00
3.656e+00
3.011e+00
3.849e+00
3.250e+00
3.400e+00
3.212e+00
4.092e+00
3.178e+00
3.165e+00
3.547e+00
3.408e+00
3.453e+00
3.392e+00
3.046e+00
3.536e+00
3.350e+00
3.157e+00
3.179e+00
3.320e+00
3.773e+00
3.650e+00
2.848e+00
3.527e+00
3.400e+00
3.667e+00
2.934e+00
4.018e+00
3.846e+00
3.732e+00
3.405e+00
2.929e+00
2.598e+00
3.617e+00
3.160e+00
3.684e+00
2.915e+00
3.343e+00
4.298e+00
3.209e+00
3.273e+00
3.771e+00
3.656e+00
3.811e+00
3.247e+00
2.990e+00
3.840e+00
3.508e+00
3.323e+00
3.520e+00
2.926e+00
3.757e+00
3.264e+00
3.904e+00
3.251e+00
3.489e+00
3.187e+00
3.548e+00
3.447e+00
3.710e+00
4.038e+00
3.431e+00
3.916e+00
3.647e+00
3.220e+00
3.409e+00
3.718e+00
3.148e+00
3.203e+00
3.579e+00
3.171e+00
3.341e+00
2.878e+00
3.747e+00
3.396e+00
3.259e+00
3.497e+00
3.527e+00
2.784e+00
4.200e+00
3.323e+00
3.924e+00
3.200e+00
3.541e+00
3.083e+00
3.718e+00
3.264e+00
2.924e+00
3.687e+00
4.089e+00
3.042e+00
3.419e+00
3.841e+00
2.937e+00
3.827e+00
3.173e+00
3.056e+00
4.029e+00
3.867e+00
3.253e+00
2.998e+00
4.003e+00
4.139e+00
3.607e+00
2.911e+00
3.766e+00
3.732e+00
3.679e+00
3.291e+00
3.802e+00
3.383e+00
3.682e+00
3.420e+00
3.516e+00
3.540e+00
4.041e+00
3.334e+00
3.523e+00
3.305e+00
3.549e+00
4.273e+00
2.766e+00
2.987e+00
3.196e+00
3.560e+00
3.570e+00
3.220e+00
3.567e+00
3.357e+00
3.533e+00
3.914e+00
3.288e+00
3.271e+00
4.016e+00
3.565e+00
4.167e+00
3.641e+00
3.725e+00
3.332e+00
3.428e+00
4.159e+00
3.738e+00
3.597e+00
3.235e+00
2.780e+00
3.245e+00
3.377e+00
3.252e+00
3.425e+00
3.771e+00
3.488e+00
3.436e+00
3.629e+00
3.452e+00
3.659e+00
3.105e+00
3.592e+00
3.849e+00
2.713e+00
3.356e+00
3.735e+00
3.581e+00
3.850e+00
4.129e+00
3.680e+00
3.494e+00
3.574e+00
3.725e+00
3.310e+00
3.203e+00
2.934e+00
2.652e+00
4.034e+00
3.293e+00
3.978e+00
3.870e+00
3.433e+00
3.394e+00
3.463e+00
3.292e+00
3.285e+00
3.861e+00
3.380e+00
3.474e+00
3.297e+00
3.676e+00
3.837e+00
3.682e+00
3.054e+00
3.272e+00
3.227e+00
3.746e+00
3.794e+00
3.437e+00
3.447e+00
3.412e+00
3.088e+00
3.202e+00
3.279e+00
3.402e+00
3.187e+00
3.190e+00
3.424e+00
4.233e+00
3.528e+00
3.599e+00
3.194e+00
3.561e+00
3.237e+00
3.334e+00
3.289e+00
3.689e+00
3.984e+00
3.838e+00
4.690e+00
4.135e+00
2.979e+00
3.451e+00
3.804e+00
3.642e+00
3.593e+00
3.664e+00
3.681e+00
3.149e+00
3.294e+00
3.663e+00
2.825e+00
3.282e+00
3.674e+00
