8.637e-01
8.349e-01
8.383e-01
8.357e-01
8.587e-01
8.154e-01
8.708e-01
8.511e-01
8.599e-01
8.192e-01
8.699e-01
8.722e-01
8.367e-01
8.652e-01
8.539e-01
8.596e-01
8.517e-01
8.596e-01
8.369e-01
8.440e-01
8.563e-01
8.545e-01
8.501e-01
8.621e-01
8.260e-01
8.433e-01
8.457e-01
8.647e-01
8.541e-01
8.442e-01
8.737e-01
8.447e-01
8.537e-01
7.944e-01
8.400e-01
8.604e-01
8.376e-01
8.477e-01
8.112e-01
8.477e-01
8.342e-01
8.473e-01
8.559e-01
8.521e-01
8.536e-01
8.510e-01
8.330e-01
7.923e-01
8.354e-01
8.650e-01
8.788e-01
8.370e-01
8.672e-01
8.473e-01
8.580e-01
8.549e-01
8.431e-01
8.294e-01
8.422e-01
8.565e-01
8.537e-01
8.165e-01
8.121e-01
8.621e-01
8.502e-01
8.507e-01
8.163e-01
8.273e-01
8.651e-01
7.910e-01
8.417e-01
8.500e-01
8.555e-01
8.412e-01
8.254e-01
8.643e-01
8.397e-01
8.524e-01
8.640e-01
8.744e-01
8.485e-01
8.499e-01
7.869e-01
8.623e-01
8.665e-01
8.191e-01
8.561e-01
8.592e-01
8.223e-01
8.619e-01
8.169e-01
8.425e-01
8.499e-01
8.491e-01
8.666e-01
8.523e-01
8.692e-01
8.522e-01
8.261e-01
8.443e-01
8.198e-01
8.552e-01
8.916e-01
8.754e-01
8.684e-01
8.457e-01
8.661e-01
8.002e-01
8.631e-01
8.397e-01
7.842e-01
8.273e-01
8.305e-01
8.505e-01
8.525e-01
8.402e-01
8.567e-01
8.577e-01
8.394e-01
8.167e-01
8.612e-01
8.466e-01
8.327e-01
8.511e-01
8.438e-01
8.602e-01
8.118e-01
8.426e-01
8.374e-01
8.439e-01
8.105e-01
8.432e-01
8.732e-01
8.183e-01
8.294e-01
8.550e-01
8.473e-01
8.508e-01
8.649e-01
8.458e-01
8.518e-01
8.624e-01
8.495e-01
8.634e-01
8.294e-01
8.755e-01
8.373e-01
8.529e-01
8.283e-01
8.420e-01
8.532e-01
8.291e-01
8.658e-01
8.620e-01
8.554e-01
8.346e-01
8.645e-01
8.319e-01
8.500e-01
8.323e-01
8.617e-01
8.593e-01
8.656e-01
8.791e-01
8.592e-01
8.237e-01
8.560e-01
8.659e-01
8.516e-01
8.283e-01
8.538e-01
8.638e-01
8.464e-01
8.555e-01
8.267e-01
8.461e-01
8.513e-01
8.325e-01
8.068e-01
8.701e-01
8.478e-01
8.424e-01
8.425e-01
8.618e-01
8.542e-01
8.583e-01
8.454e-01
8.651e-01
8.616e-01
8.536e-01
8.646e-01
8.423e-01
8.336e-01
8.668e-01
8.433e-01
8.631e-01
8.342e-01
8.677e-01
8.221e-01
8.216e-01
8.379e-01
8.521e-01
8.635e-01
8.885e-01
8.423e-01
8.639e-01
8.344e-01
8.722e-01
8.586e-01
8.104e-01
8.545e-01
8.637e-01
8.401e-01
8.381e-01
8.476e-01
8.761e-01
8.678e-01
8.470e-01
8.371e-01
8.731e-01
8.692e-01
8.765e-01
8.445e-01
8.515e-01
8.410e-01
8.444e-01
8.617e-01
8.732e-01
8.664e-01
8.507e-01
8.466e-01
8.190e-01
8.385e-01
8.350e-01
8.477e-01
8.516e-01
8.653e-01
8.352e-01
8.726e-01
8.528e-01
8.481e-01
8.593e-01
8.546e-01
8.737e-01
8.393e-01
8.508e-01
8.375e-01
8.433e-01
8.425e-01
8.773e-01
8.042e-01
8.526e-01
8.262e-01
8.637e-01
8.493e-01
8.616e-01
8.294e-01
8.211e-01
8.732e-01
8.464e-01
8.209e-01
8.641e-01
8.658e-01
8.265e-01
8.681e-01
8.099e-01
8.644e-01
8.763e-01
8.271e-01
8.227e-01
8.610e-01
8.591e-01
8.218e-01
8.142e-01
8.531e-01
8.726e-01
8.271e-01
8.438e-01
8.427e-01
8.483e-01
8.241e-01
8.331e-01
8.396e-01
8.483e-01
8.592e-01
8.543e-01
8.222e-01
8.589e-01
8.601e-01
8.495e-01
8.527e-01
7.904e-01
8.676e-01
8.664e-01
8.655e-01
8.425e-01
8.447e-01
8.554e-01
8.455e-01
8.590e-01
8.505e-01
8.316e-01
8.592e-01
8.738e-01
8.333e-01
8.555e-01
8.037e-01
8.321e-01
8.521e-01
8.606e-01
8.412e-01
8.196e-01
8.369e-01
8.333e-01
8.647e-01
8.732e-01
8.628e-01
8.472e-01
8.511e-01
8.615e-01
8.371e-01
8.417e-01
8.560e-01
8.499e-01
8.667e-01
8.479e-01
8.530e-01
8.463e-01
8.365e-01
8.696e-01
8.639e-01
8.312e-01
8.570e-01
8.368e-01
8.075e-01
8.303e-01
8.652e-01
8.442e-01
8.364e-01
8.628e-01
8.599e-01
8.668e-01
8.808e-01
8.339e-01
8.654e-01
8.233e-01
8.427e-01
8.486e-01
8.648e-01
8.403e-01
8.743e-01
8.644e-01
8.371e-01
8.615e-01
8.446e-01
8.645e-01
8.363e-01
8.219e-01
8.500e-01
8.682e-01
8.703e-01
8.576e-01
8.460e-01
8.359e-01
8.444e-01
8.526e-01
8.528e-01
8.636e-01
8.737e-01
8.573e-01
8.392e-01
8.433e-01
8.627e-01
8.624e-01
8.057e-01
8.382e-01
8.671e-01
8.305e-01
8.366e-01
8.621e-01
8.637e-01
8.602e-01
8.405e-01
8.174e-01
8.361e-01
7.656e-01
8.265e-01
8.767e-01
8.557e-01
8.310e-01
8.445e-01
8.416e-01
8.474e-01
8.547e-01
8.731e-01
8.560e-01
8.393e-01
8.712e-01
8.564e-01
8.491e-01
