6.384e-01
5.962e-01
6.449e-01
5.924e-01
7.859e-01
5.431e-01
6.473e-01
6.423e-01
6.608e-01
5.506e-01
7.278e-01
6.887e-01
6.004e-01
6.924e-01
7.904e-01
7.586e-01
6.236e-01
6.643e-01
6.346e-01
6.910e-01
6.691e-01
7.513e-01
6.509e-01
6.391e-01
5.912e-01
5.786e-01
6.700e-01
6.781e-01
6.274e-01
6.342e-01
6.414e-01
5.884e-01
6.425e-01
5.175e-01
6.143e-01
7.021e-01
5.846e-01
7.288e-01
5.609e-01
5.960e-01
7.561e-01
6.169e-01
6.755e-01
6.660e-01
7.360e-01
6.830e-01
5.573e-01
5.166e-01
5.763e-01
6.936e-01
6.803e-01
5.924e-01
7.145e-01
6.907e-01
6.615e-01
6.293e-01
6.484e-01
6.262e-01
6.097e-01
6.301e-01
7.177e-01
5.576e-01
5.385e-01
6.236e-01
7.165e-01
7.483e-01
6.071e-01
5.738e-01
6.986e-01
5.255e-01
6.283e-01
5.936e-01
6.605e-01
6.507e-01
5.311e-01
6.750e-01
5.918e-01
7.245e-01
7.353e-01
7.505e-01
6.318e-01
6.408e-01
4.970e-01
6.655e-01
6.623e-01
5.581e-01
6.282e-01
6.145e-01
5.620e-01
6.893e-01
5.457e-01
6.484e-01
7.557e-01
6.310e-01
6.710e-01
6.692e-01
7.018e-01
7.224e-01
5.945e-01
5.943e-01
5.763e-01
6.105e-01
6.342e-01
6.844e-01
6.647e-01
6.874e-01
6.861e-01
5.420e-01
7.516e-01
5.838e-01
5.008e-01
6.248e-01
5.745e-01
6.182e-01
6.610e-01
7.061e-01
6.527e-01
6.267e-01
6.077e-01
5.290e-01
6.859e-01
7.219e-01
6.736e-01
6.356e-01
6.833e-01
6.674e-01
5.279e-01
6.072e-01
5.645e-01
6.690e-01
5.306e-01
6.807e-01
6.439e-01
5.941e-01
6.736e-01
6.295e-01
6.738e-01
6.317e-01
6.557e-01
6.314e-01
6.696e-01
6.394e-01
6.442e-01
7.017e-01
5.938e-01
7.050e-01
6.667e-01
6.551e-01
6.337e-01
6.194e-01
6.701e-01
7.464e-01
7.037e-01
7.389e-01
6.743e-01
5.858e-01
6.429e-01
6.643e-01
6.385e-01
5.731e-01
7.038e-01
6.949e-01
6.583e-01
6.951e-01
7.500e-01
6.185e-01
6.462e-01
6.112e-01
6.802e-01
5.716e-01
5.788e-01
6.226e-01
6.167e-01
7.328e-01
6.034e-01
7.042e-01
6.598e-01
7.111e-01
5.704e-01
6.820e-01
7.142e-01
6.486e-01
6.773e-01
6.366e-01
6.717e-01
7.197e-01
6.338e-01
6.529e-01
6.911e-01
7.132e-01
6.574e-01
5.913e-01
6.327e-01
7.479e-01
6.446e-01
6.481e-01
6.164e-01
7.249e-01
5.533e-01
6.160e-01
6.175e-01
6.431e-01
7.285e-01
7.648e-01
6.237e-01
6.846e-01
6.290e-01
7.287e-01
6.604e-01
5.397e-01
6.942e-01
6.647e-01
5.768e-01
6.099e-01
5.671e-01
6.602e-01
7.260e-01
5.745e-01
6.481e-01
6.593e-01
6.185e-01
7.255e-01
5.911e-01
6.979e-01
5.682e-01
6.885e-01
6.205e-01
6.613e-01
6.067e-01
6.544e-01
5.882e-01
5.711e-01
6.796e-01
5.663e-01
6.132e-01
7.043e-01
6.307e-01
6.022e-01
6.738e-01
6.970e-01
6.273e-01
6.987e-01
6.796e-01
7.342e-01
5.905e-01
6.635e-01
7.089e-01
6.419e-01
6.532e-01
7.386e-01
5.679e-01
6.775e-01
5.764e-01
6.887e-01
6.309e-01
7.116e-01
6.424e-01
7.136e-01
7.267e-01
5.928e-01
5.577e-01
7.245e-01
6.377e-01
5.890e-01
7.358e-01
6.221e-01
6.898e-01
7.038e-01
5.652e-01
5.975e-01
6.775e-01
7.303e-01
5.744e-01
5.674e-01
6.049e-01
7.362e-01
6.003e-01
5.972e-01
6.148e-01
6.844e-01
6.050e-01
6.813e-01
6.037e-01
6.578e-01
6.295e-01
6.250e-01
5.608e-01
6.733e-01
6.175e-01
7.114e-01
6.300e-01
5.484e-01
7.532e-01
7.247e-01
6.808e-01
6.397e-01
6.315e-01
6.968e-01
6.470e-01
6.629e-01
6.256e-01
5.633e-01
6.763e-01
6.746e-01
5.640e-01
6.122e-01
5.598e-01
6.341e-01
5.993e-01
6.508e-01
6.635e-01
5.437e-01
6.134e-01
6.610e-01
6.728e-01
7.569e-01
6.838e-01
6.705e-01
6.893e-01
6.498e-01
5.908e-01
6.609e-01
6.385e-01
6.101e-01
6.225e-01
6.037e-01
7.158e-01
6.254e-01
5.806e-01
7.662e-01
6.467e-01
6.185e-01
6.085e-01
5.960e-01
5.572e-01
6.246e-01
6.153e-01
6.355e-01
6.039e-01
6.644e-01
6.903e-01
7.314e-01
7.558e-01
5.504e-01
6.610e-01
5.800e-01
5.743e-01
6.489e-01
6.421e-01
6.599e-01
6.431e-01
6.582e-01
5.837e-01
6.386e-01
6.548e-01
6.693e-01
6.208e-01
6.214e-01
5.954e-01
7.056e-01
6.538e-01
6.884e-01
5.901e-01
6.015e-01
6.561e-01
6.460e-01
6.511e-01
7.004e-01
6.682e-01
6.748e-01
6.850e-01
7.174e-01
6.799e-01
6.451e-01
5.519e-01
6.561e-01
6.021e-01
7.283e-01
6.574e-01
6.830e-01
6.553e-01
6.757e-01
6.114e-01
5.861e-01
5.809e-01
4.764e-01
5.509e-01
7.032e-01
6.567e-01
5.902e-01
6.122e-01
6.327e-01
6.048e-01
5.915e-01
6.843e-01
6.715e-01
6.260e-01
7.516e-01
6.830e-01
6.113e-01
